{"/Users/pietertolsma/Desktop/workspace/NodeChat/server.js":{"path":"/Users/pietertolsma/Desktop/workspace/NodeChat/server.js","s":{"1":1,"2":1,"3":1,"4":1,"5":1,"6":1,"7":1,"8":1,"9":0,"10":1,"11":1,"12":1,"13":1,"14":1,"15":1,"16":1,"17":1,"18":9,"19":10,"20":9,"21":1,"22":8,"23":9,"24":8,"25":1,"26":4,"27":1,"28":1,"29":1,"30":1,"31":1,"32":4,"33":1,"34":1,"35":0,"36":1,"37":1,"38":1,"39":1,"40":0,"41":1,"42":8,"43":8,"44":8,"45":8,"46":8,"47":1,"48":1,"49":1,"50":0,"51":1,"52":1,"53":8,"54":1,"55":8,"56":2,"57":0,"58":0,"59":8,"60":8,"61":8,"62":8,"63":8,"64":1,"65":1,"66":1,"67":1,"68":0,"69":0,"70":0,"71":0,"72":1},"b":{"1":[0,1],"2":[9,1],"3":[8,1],"4":[0,1],"5":[1,0],"6":[0,1],"7":[0,2],"8":[2,1]},"f":{"1":1,"2":9,"3":8,"4":4,"5":1,"6":1,"7":4,"8":1,"9":0,"10":8,"11":1,"12":1,"13":2,"14":8,"15":1,"16":0},"fnMap":{"1":{"name":"(anonymous_1)","line":12,"loc":{"start":{"line":12,"column":36},"end":{"line":12,"column":57}}},"2":{"name":"getUsername","line":28,"loc":{"start":{"line":28,"column":18},"end":{"line":28,"column":50}}},"3":{"name":"getUsexIndex","line":34,"loc":{"start":{"line":34,"column":19},"end":{"line":34,"column":52}}},"4":{"name":"getHost","line":40,"loc":{"start":{"line":40,"column":14},"end":{"line":40,"column":34}}},"5":{"name":"getInstance","line":44,"loc":{"start":{"line":44,"column":18},"end":{"line":44,"column":42}}},"6":{"name":"getMaxUsernameLength","line":48,"loc":{"start":{"line":48,"column":27},"end":{"line":48,"column":60}}},"7":{"name":"isServerListening","line":52,"loc":{"start":{"line":52,"column":24},"end":{"line":52,"column":54}}},"8":{"name":"startServer","line":58,"loc":{"start":{"line":58,"column":18},"end":{"line":58,"column":46}}},"9":{"name":"(anonymous_9)","line":65,"loc":{"start":{"line":65,"column":15},"end":{"line":65,"column":35}}},"10":{"name":"(anonymous_10)","line":70,"loc":{"start":{"line":70,"column":22},"end":{"line":70,"column":40}}},"11":{"name":"(anonymous_11)","line":77,"loc":{"start":{"line":77,"column":30},"end":{"line":77,"column":45}}},"12":{"name":"(anonymous_12)","line":87,"loc":{"start":{"line":87,"column":22},"end":{"line":87,"column":37}}},"13":{"name":"(anonymous_13)","line":92,"loc":{"start":{"line":92,"column":33},"end":{"line":92,"column":49}}},"14":{"name":"(anonymous_14)","line":100,"loc":{"start":{"line":100,"column":28},"end":{"line":100,"column":40}}},"15":{"name":"(anonymous_15)","line":109,"loc":{"start":{"line":109,"column":25},"end":{"line":109,"column":37}}},"16":{"name":"closeServer","line":116,"loc":{"start":{"line":116,"column":0},"end":{"line":116,"column":22}}}},"statementMap":{"1":{"start":{"line":3,"column":0},"end":{"line":3,"column":23}},"2":{"start":{"line":4,"column":0},"end":{"line":4,"column":33}},"3":{"start":{"line":5,"column":0},"end":{"line":5,"column":20}},"4":{"start":{"line":6,"column":0},"end":{"line":6,"column":40}},"5":{"start":{"line":7,"column":0},"end":{"line":7,"column":37}},"6":{"start":{"line":9,"column":0},"end":{"line":9,"column":14}},"7":{"start":{"line":12,"column":0},"end":{"line":18,"column":3}},"8":{"start":{"line":13,"column":2},"end":{"line":15,"column":3}},"9":{"start":{"line":14,"column":4},"end":{"line":14,"column":54}},"10":{"start":{"line":16,"column":2},"end":{"line":16,"column":31}},"11":{"start":{"line":17,"column":2},"end":{"line":17,"column":32}},"12":{"start":{"line":20,"column":0},"end":{"line":20,"column":26}},"13":{"start":{"line":21,"column":0},"end":{"line":21,"column":21}},"14":{"start":{"line":22,"column":0},"end":{"line":22,"column":23}},"15":{"start":{"line":23,"column":0},"end":{"line":23,"column":17}},"16":{"start":{"line":24,"column":0},"end":{"line":24,"column":24}},"17":{"start":{"line":28,"column":0},"end":{"line":32,"column":1}},"18":{"start":{"line":29,"column":2},"end":{"line":31,"column":3}},"19":{"start":{"line":30,"column":4},"end":{"line":30,"column":85}},"20":{"start":{"line":30,"column":53},"end":{"line":30,"column":85}},"21":{"start":{"line":34,"column":0},"end":{"line":38,"column":1}},"22":{"start":{"line":35,"column":2},"end":{"line":37,"column":3}},"23":{"start":{"line":36,"column":4},"end":{"line":36,"column":62}},"24":{"start":{"line":36,"column":53},"end":{"line":36,"column":62}},"25":{"start":{"line":40,"column":0},"end":{"line":42,"column":1}},"26":{"start":{"line":41,"column":2},"end":{"line":41,"column":36}},"27":{"start":{"line":44,"column":0},"end":{"line":46,"column":1}},"28":{"start":{"line":45,"column":2},"end":{"line":45,"column":12}},"29":{"start":{"line":48,"column":0},"end":{"line":50,"column":1}},"30":{"start":{"line":49,"column":2},"end":{"line":49,"column":37}},"31":{"start":{"line":52,"column":0},"end":{"line":54,"column":1}},"32":{"start":{"line":53,"column":2},"end":{"line":53,"column":21}},"33":{"start":{"line":58,"column":0},"end":{"line":113,"column":1}},"34":{"start":{"line":59,"column":2},"end":{"line":59,"column":29}},"35":{"start":{"line":59,"column":12},"end":{"line":59,"column":29}},"36":{"start":{"line":60,"column":2},"end":{"line":60,"column":39}},"37":{"start":{"line":61,"column":2},"end":{"line":61,"column":19}},"38":{"start":{"line":62,"column":2},"end":{"line":62,"column":49}},"39":{"start":{"line":65,"column":2},"end":{"line":67,"column":5}},"40":{"start":{"line":66,"column":4},"end":{"line":66,"column":51}},"41":{"start":{"line":70,"column":2},"end":{"line":106,"column":5}},"42":{"start":{"line":71,"column":4},"end":{"line":71,"column":117}},"43":{"start":{"line":72,"column":4},"end":{"line":72,"column":37}},"44":{"start":{"line":73,"column":4},"end":{"line":73,"column":52}},"45":{"start":{"line":74,"column":4},"end":{"line":74,"column":52}},"46":{"start":{"line":77,"column":4},"end":{"line":84,"column":7}},"47":{"start":{"line":78,"column":6},"end":{"line":83,"column":7}},"48":{"start":{"line":79,"column":8},"end":{"line":79,"column":56}},"49":{"start":{"line":80,"column":8},"end":{"line":80,"column":75}},"50":{"start":{"line":80,"column":50},"end":{"line":80,"column":75}},"51":{"start":{"line":81,"column":8},"end":{"line":81,"column":38}},"52":{"start":{"line":82,"column":8},"end":{"line":82,"column":45}},"53":{"start":{"line":87,"column":4},"end":{"line":89,"column":7}},"54":{"start":{"line":88,"column":6},"end":{"line":88,"column":31}},"55":{"start":{"line":92,"column":4},"end":{"line":97,"column":7}},"56":{"start":{"line":93,"column":6},"end":{"line":96,"column":7}},"57":{"start":{"line":94,"column":8},"end":{"line":94,"column":76}},"58":{"start":{"line":95,"column":8},"end":{"line":95,"column":85}},"59":{"start":{"line":100,"column":4},"end":{"line":105,"column":7}},"60":{"start":{"line":101,"column":6},"end":{"line":101,"column":42}},"61":{"start":{"line":102,"column":6},"end":{"line":102,"column":82}},"62":{"start":{"line":103,"column":6},"end":{"line":103,"column":58}},"63":{"start":{"line":104,"column":6},"end":{"line":104,"column":54}},"64":{"start":{"line":109,"column":2},"end":{"line":112,"column":5}},"65":{"start":{"line":110,"column":4},"end":{"line":110,"column":77}},"66":{"start":{"line":111,"column":4},"end":{"line":111,"column":23}},"67":{"start":{"line":116,"column":0},"end":{"line":121,"column":1}},"68":{"start":{"line":117,"column":2},"end":{"line":117,"column":15}},"69":{"start":{"line":118,"column":2},"end":{"line":118,"column":40}},"70":{"start":{"line":119,"column":2},"end":{"line":119,"column":22}},"71":{"start":{"line":120,"column":2},"end":{"line":120,"column":14}},"72":{"start":{"line":124,"column":0},"end":{"line":133,"column":1}}},"branchMap":{"1":{"line":13,"type":"if","locations":[{"start":{"line":13,"column":2},"end":{"line":13,"column":2}},{"start":{"line":13,"column":2},"end":{"line":13,"column":2}}]},"2":{"line":30,"type":"if","locations":[{"start":{"line":30,"column":4},"end":{"line":30,"column":4}},{"start":{"line":30,"column":4},"end":{"line":30,"column":4}}]},"3":{"line":36,"type":"if","locations":[{"start":{"line":36,"column":4},"end":{"line":36,"column":4}},{"start":{"line":36,"column":4},"end":{"line":36,"column":4}}]},"4":{"line":59,"type":"if","locations":[{"start":{"line":59,"column":2},"end":{"line":59,"column":2}},{"start":{"line":59,"column":2},"end":{"line":59,"column":2}}]},"5":{"line":78,"type":"if","locations":[{"start":{"line":78,"column":6},"end":{"line":78,"column":6}},{"start":{"line":78,"column":6},"end":{"line":78,"column":6}}]},"6":{"line":80,"type":"if","locations":[{"start":{"line":80,"column":8},"end":{"line":80,"column":8}},{"start":{"line":80,"column":8},"end":{"line":80,"column":8}}]},"7":{"line":93,"type":"if","locations":[{"start":{"line":93,"column":6},"end":{"line":93,"column":6}},{"start":{"line":93,"column":6},"end":{"line":93,"column":6}}]},"8":{"line":93,"type":"binary-expr","locations":[{"start":{"line":93,"column":10},"end":{"line":93,"column":14}},{"start":{"line":93,"column":19},"end":{"line":93,"column":56}}]}}}}