TN:
SF:/Users/pietertolsma/Desktop/workspace/NodeChat/server.js
FN:12,(anonymous_1)
FN:28,getUsername
FN:34,getUsexIndex
FN:40,getHost
FN:44,getInstance
FN:48,getMaxUsernameLength
FN:52,isServerListening
FN:58,startServer
FN:65,(anonymous_9)
FN:70,(anonymous_10)
FN:77,(anonymous_11)
FN:87,(anonymous_12)
FN:92,(anonymous_13)
FN:100,(anonymous_14)
FN:109,(anonymous_15)
FN:116,closeServer
FNF:16
FNH:14
FNDA:1,(anonymous_1)
FNDA:9,getUsername
FNDA:8,getUsexIndex
FNDA:4,getHost
FNDA:1,getInstance
FNDA:1,getMaxUsernameLength
FNDA:4,isServerListening
FNDA:1,startServer
FNDA:0,(anonymous_9)
FNDA:8,(anonymous_10)
FNDA:1,(anonymous_11)
FNDA:1,(anonymous_12)
FNDA:2,(anonymous_13)
FNDA:8,(anonymous_14)
FNDA:1,(anonymous_15)
FNDA:0,closeServer
DA:3,1
DA:4,1
DA:5,1
DA:6,1
DA:7,1
DA:9,1
DA:12,1
DA:13,1
DA:14,0
DA:16,1
DA:17,1
DA:20,1
DA:21,1
DA:22,1
DA:23,1
DA:24,1
DA:28,1
DA:29,9
DA:30,11
DA:34,1
DA:35,8
DA:36,10
DA:40,1
DA:41,4
DA:44,1
DA:45,1
DA:48,1
DA:49,1
DA:52,1
DA:53,4
DA:58,1
DA:59,1
DA:60,1
DA:61,1
DA:62,1
DA:65,1
DA:66,0
DA:70,1
DA:71,8
DA:72,8
DA:73,8
DA:74,8
DA:77,8
DA:78,1
DA:79,1
DA:80,1
DA:81,1
DA:82,1
DA:87,8
DA:88,1
DA:92,8
DA:93,2
DA:94,0
DA:95,0
DA:100,8
DA:101,8
DA:102,8
DA:103,8
DA:104,8
DA:109,1
DA:110,1
DA:111,1
DA:116,1
DA:117,0
DA:118,0
DA:119,0
DA:120,0
DA:124,1
LF:68
LH:60
BRDA:13,1,0,0
BRDA:13,1,1,1
BRDA:30,2,0,9
BRDA:30,2,1,2
BRDA:36,3,0,8
BRDA:36,3,1,2
BRDA:59,4,0,0
BRDA:59,4,1,1
BRDA:78,5,0,1
BRDA:78,5,1,0
BRDA:80,6,0,0
BRDA:80,6,1,1
BRDA:93,7,0,0
BRDA:93,7,1,2
BRDA:93,8,0,2
BRDA:93,8,1,1
BRF:16
BRH:11
end_of_record
